<?xml version="1.0" encoding="UTF-8"?>
<!-- Generated by org.testng.reporters.JUnitReportReporter -->
<testsuite hostname="ICPL13845" name="Assignment.SeleniumAssignment.TestRating" tests="1" failures="0" timestamp="21 Feb 2020 04:29:22 GMT" time="13.045" errors="0">
  <testcase name="TripAdvisorTest" time="13.045" classname="Assignment.SeleniumAssignment.TestRating"/>
</testsuite> <!-- Assignment.SeleniumAssignment.TestRating -->
