<?xml version="1.0" encoding="UTF-8"?>
<!-- Generated by org.testng.reporters.JUnitReportReporter -->
<testsuite hostname="ICPL13845" name="Assignment.SeleniumAssignment.FirstAssignment" tests="1" failures="0" timestamp="20 Feb 2020 14:32:02 GMT" time="21.056" errors="0">
  <testcase name="amazonTest" time="21.056" classname="Assignment.SeleniumAssignment.FirstAssignment"/>
</testsuite> <!-- Assignment.SeleniumAssignment.FirstAssignment -->
