<?xml version="1.0" encoding="UTF-8"?>
<!-- Generated by org.testng.reporters.JUnitReportReporter -->
<testsuite hostname="ICPL13845" name="Assignment.SeleniumAssignment.TripAdvisorTest" tests="1" failures="0" timestamp="21 Feb 2020 06:47:41 GMT" time="39.617" errors="0">
  <testcase name="amazonTest" time="39.617" classname="Assignment.SeleniumAssignment.TripAdvisorTest"/>
</testsuite> <!-- Assignment.SeleniumAssignment.TripAdvisorTest -->
